Android 沈阳公交源码/proguard/seeds.txt
com.bus.shenyang.activity.Line
com.bus.shenyang.activity.Stop
com.bus.shenyang.activity.More
com.bus.shenyang.net.Detailed
com.bus.shenyang.activity.Transfer
com.bus.shenyang.net.WalkFirst
com.bus.shenyang.net.TimeFirst
com.bus.shenyang.net.NoSubway
com.bus.shenyang.net.TransferFirst
com.bus.shenyang.activity.Internet
com.bus.shenyang.BusActivity
com.bus.shenyang.net.BusNet
...
com.waps.AdView
com.waps.AdView: android.content.Context c
com.waps.AdView: android.widget.LinearLayout d
com.waps.AdView: com.waps.z e
com.waps.AdView: long f
com.waps.AdView: android.widget.RelativeLayout g
com.waps.AdView: int h
com.waps.AdView: boolean i
com.waps.AdView: android.os.Handler mHandler
com.waps.AdView: android.webkit.WebView j
com.waps.AdView: boolean a
com.waps.AdView: boolean k
com.waps.AdView: java.lang.String l
com.waps.AdView: int m
com.waps.AdView: float n
com.waps.AdView: java.lang.String o
com.waps.AdView: java.lang.String p
com.waps.AdView: java.lang.Thread b
com.waps.AdView: AdView(android.content.Context,android.widget.LinearLayout)
com.waps.AdView: AdView()
com.waps.AdView: void DisplayAd()
com.waps.AdView: void DisplayAd(int)
com.waps.AdView: android.webkit.WebView a()
com.waps.AdView: android.content.Context a(com.waps.AdView)
com.waps.AdView: boolean b(com.waps.AdView)
com.waps.AdView: java.lang.String c(com.waps.AdView)
com.waps.AdView: boolean a(com.waps.AdView,boolean)
com.waps.AdView: long d(com.waps.AdView)
com.waps.AdView: int e(com.waps.AdView)
com.waps.AdView: boolean f(com.waps.AdView)
com.waps.AdView: boolean b(com.waps.AdView,boolean)
com.waps.AdView: long a(com.waps.AdView,long)
com.waps.AdView: android.widget.RelativeLayout g(com.waps.AdView)
com.waps.AdView: android.os.Handler h(com.waps.AdView)
com.waps.AdView: int a(com.waps.AdView,int)
com.waps.AdView: int i(com.waps.AdView)
com.waps.UpdatePointsNotifier
com.waps.UpdatePointsNotifier: void getUpdatePoints(java.lang.String,int)
com.waps.UpdatePointsNotifier: void getUpdatePointsFailed(java.lang.String)
com.waps.w
com.waps.w: java.lang.String p
com.waps.w: android.view.View q
com.waps.w: com.waps.x r
com.waps.w: com.waps.y s
com.waps.w: android.content.Context t
com.waps.w: int a
com.waps.w: com.waps.z b
com.waps.w: java.lang.String c
com.waps.w: java.lang.String d
com.waps.w: boolean e
com.waps.w: boolean f
com.waps.w: float g
com.waps.w: float h
com.waps.w: java.text.NumberFormat i
com.waps.w: float j
com.waps.w: java.io.InputStream k
com.waps.w: java.io.FileOutputStream l
com.waps.w: java.lang.String m
com.waps.w: java.lang.String n
com.waps.w: java.io.File o
com.waps.w: w(android.content.Context,android.view.View,java.lang.String)
com.waps.w: w(android.content.Context,android.view.View,java.lang.String,java.lang.String)
com.waps.w: java.lang.String a(java.lang.String[])
com.waps.w: java.lang.String a(java.lang.String)
com.waps.w: long b(java.lang.String)
com.waps.w: void a(com.waps.y)
com.waps.w: java.lang.Object doInBackground(java.lang.Object[])
com.waps.w: void <clinit>()
com.waps.z
com.waps.z: boolean a
com.waps.z: com.waps.SDKUtils b
com.waps.z: z(android.content.Context)
com.waps.z: z()
com.waps.z: boolean a()
com.waps.z: void a(boolean)
com.waps.z: java.lang.String a(java.lang.String,java.lang.String)
com.waps.z: java.lang.String b(java.lang.String,java.lang.String)
com.waps.z: byte[] a(java.lang.String)
com.waps.z: java.lang.String a(byte[],java.lang.String)
com.waps.z: java.lang.String a(org.apache.http.HttpHost,java.lang.String,org.apache.http.entity.ByteArrayEntity,org.apache.http.impl.client.DefaultHttpClient)
com.waps.z: java.lang.String b()